Arguments: 
  C:\Program Files\nodejs\node.exe C:\Users\duane\AppData\Roaming\npm\node_modules\yarn\bin\yarn.js

PATH: 
  C:\Program Files\Docker\Docker\Resources\bin;C:\Windows\system32;C:\Windows;C:\Windows\System32\Wbem;C:\Windows\System32\WindowsPowerShell\v1.0\;C:\Program Files\Git\cmd;C:\Program Files (x86)\NVIDIA Corporation\PhysX\Common;D:\duane\Development\php-5.6.28-nts-Win32-VC11-x86;C:\ProgramData\ComposerSetup\bin;C:\Program Files\OpenVPN\bin;C:\Program Files (x86)\Google\Google Apps Sync\;C:\Program Files (x86)\Google\Google Apps Migration\;C:\Program Files (x86)\Skype\Phone\;C:\WINDOWS\system32;C:\WINDOWS;C:\WINDOWS\System32\Wbem;C:\WINDOWS\System32\WindowsPowerShell\v1.0\;C:\Program Files\nodejs\;C:\Users\duane\AppData\Local\Microsoft\WindowsApps;C:\Program Files (x86)\Microsoft VS Code\bin;C:\Users\duane\AppData\Roaming\Composer\vendor\bin;C:\Users\duane\AppData\Roaming\npm

Yarn version: 
  0.24.5

Node version: 
  7.9.0

Platform: 
  win32 x64

npm manifest: 
  {
    "name": "duaneleem.com",
    "version": "1.1.0",
    "license": "MIT",
    "angular-cli": {},
    "scripts": {
      "ng": "ng",
      "start": "ng serve",
      "build": "ng build",
      "test": "ng test",
      "lint": "ng lint",
      "e2e": "ng e2e"
    },
    "private": true,
    "dependencies": {
      "@angular/animations": "^4.1.3",
      "@angular/common": "^4.1.3",
      "@angular/compiler": "^4.1.3",
      "@angular/compiler-cli": "^4.1.3",
      "@angular/core": "^4.1.3",
      "@angular/forms": "^4.1.3",
      "@angular/http": "^4.1.3",
      "@angular/platform-browser": "^4.1.3",
      "@angular/platform-browser-dynamic": "^4.1.3",
      "@angular/platform-server": "^4.1.3",
      "@angular/router": "^4.1.3",
      "angular2-recaptcha": "^0.4.1",
      "core-js": "^2.4.1",
      "rxjs": "^5.1.0",
      "typescript": "^2.3.4",
      "zone.js": "^0.7.6"
    },
    "devDependencies": {
      "@angular/cli": "^1.1.0",
      "@types/jasmine": "2.5.38",
      "@types/node": "~6.0.60",
      "codelyzer": "~2.0.0",
      "jasmine-core": "~2.5.2",
      "jasmine-spec-reporter": "~3.2.0",
      "karma": "~1.4.1",
      "karma-chrome-launcher": "~2.0.0",
      "karma-cli": "~1.0.1",
      "karma-coverage-istanbul-reporter": "^0.2.0",
      "karma-jasmine": "~1.1.0",
      "karma-jasmine-html-reporter": "^0.2.2",
      "protractor": "~5.1.0",
      "ts-node": "~2.0.0",
      "tslint": "~4.4.2"
    }
  }

yarn manifest: 
  No manifest

Lockfile: 
  No lockfile

Trace: 
  Error: EINVAL: invalid argument, utime 'E:\Code Projects\Professional Development\DuaneLeem.com\node_modules\uglify-js\README.md'
